2024-08-03 01:13:25,270 [Worker-8: Loading available Gradle versions] INFO  o.e.b.c.i.u.g.PublishedGradleVersions - Gradle version information cache is up-to-date. Trying to read.
2024-08-03 01:14:42,237 [Worker-4: Updating Maven Dependencies] INFO  o.e.m.c.i.l.LifecycleMappingFactory - Using org.eclipse.m2e.jdt.JarLifecycleMapping lifecycle mapping for MavenProject: com.iot:blockchain:0.0.1-SNAPSHOT @ C:\Users\bwood\Desktop\inse-6540-project-blockchain-webservice_AB\blockchain-Java\blockchain\pom.xml.
2024-08-03 01:14:42,725 [Worker-5: Building] INFO  o.e.m.c.i.l.LifecycleMappingFactory - Using org.eclipse.m2e.jdt.JarLifecycleMapping lifecycle mapping for MavenProject: com.iot:blockchain:0.0.1-SNAPSHOT @ C:\Users\bwood\Desktop\inse-6540-project-blockchain-webservice_AB\blockchain-Java\blockchain\pom.xml.
2024-08-03 01:14:44,048 [Worker-5: Building] INFO  o.a.m.s.f.DefaultMavenResourcesFiltering - Copying 1 resource from src\main\resources to target\classes
2024-08-03 01:14:44,061 [Worker-5: Building] INFO  o.a.m.s.f.DefaultMavenResourcesFiltering - Copying 2 resources from src\main\resources to target\classes
2024-08-03 01:14:44,075 [Worker-5: Building] INFO  o.a.m.s.f.DefaultMavenResourcesFiltering - skip non existing resourceDirectory C:\Users\bwood\Desktop\inse-6540-project-blockchain-webservice_AB\blockchain-Java\blockchain\src\test\resources
2024-08-03 01:14:45,866 [Worker-2: Updating Maven Dependencies] INFO  o.e.m.c.i.l.LifecycleMappingFactory - Using org.eclipse.m2e.jdt.JarLifecycleMapping lifecycle mapping for MavenProject: com.iot:blockchain:0.0.1-SNAPSHOT @ C:\Users\bwood\Desktop\inse-6540-project-blockchain-webservice_AB\blockchain-Java\blockchain\pom.xml.
2024-08-03 01:14:45,994 [Worker-13: Building] INFO  o.a.m.s.f.DefaultMavenResourcesFiltering - Copying 1 resource from src\main\resources to target\classes
2024-08-03 01:14:46,025 [Worker-13: Building] INFO  o.a.m.s.f.DefaultMavenResourcesFiltering - Copying 2 resources from src\main\resources to target\classes
2024-08-03 01:14:46,036 [Worker-13: Building] INFO  o.a.m.s.f.DefaultMavenResourcesFiltering - skip non existing resourceDirectory C:\Users\bwood\Desktop\inse-6540-project-blockchain-webservice_AB\blockchain-Java\blockchain\src\test\resources
2024-08-10 13:57:43,802 [Worker-8: Loading available Gradle versions] INFO  o.e.b.c.i.u.g.PublishedGradleVersions - Gradle version information cache is up-to-date. Trying to read.
2024-08-10 14:01:07,503 [Worker-2: Updating Maven Dependencies] INFO  o.e.m.c.i.l.LifecycleMappingFactory - Using org.eclipse.m2e.jdt.JarLifecycleMapping lifecycle mapping for MavenProject: com.iot:blockchain:0.0.1-SNAPSHOT @ D:\Code\Concordia\INSE6540\inse6540_project\inse6540_iot_blockchain_service\blockchain-Java\blockchain\pom.xml.
2024-08-10 14:01:07,759 [Worker-3: Building] INFO  o.e.m.c.i.l.LifecycleMappingFactory - Using org.eclipse.m2e.jdt.JarLifecycleMapping lifecycle mapping for MavenProject: com.iot:blockchain:0.0.1-SNAPSHOT @ D:\Code\Concordia\INSE6540\inse6540_project\inse6540_iot_blockchain_service\blockchain-Java\blockchain\pom.xml.
2024-08-10 14:01:09,040 [Worker-3: Building] INFO  o.a.m.s.f.DefaultMavenResourcesFiltering - Copying 1 resource from src\main\resources to target\classes
2024-08-10 14:01:09,056 [Worker-3: Building] INFO  o.a.m.s.f.DefaultMavenResourcesFiltering - Copying 2 resources from src\main\resources to target\classes
2024-08-10 14:01:09,070 [Worker-3: Building] INFO  o.a.m.s.f.DefaultMavenResourcesFiltering - skip non existing resourceDirectory D:\Code\Concordia\INSE6540\inse6540_project\inse6540_iot_blockchain_service\blockchain-Java\blockchain\src\test\resources
2024-08-10 14:01:10,443 [Worker-15: Updating Maven Dependencies] INFO  o.e.m.c.i.l.LifecycleMappingFactory - Using org.eclipse.m2e.jdt.JarLifecycleMapping lifecycle mapping for MavenProject: com.iot:blockchain:0.0.1-SNAPSHOT @ D:\Code\Concordia\INSE6540\inse6540_project\inse6540_iot_blockchain_service\blockchain-Java\blockchain\pom.xml.
2024-08-10 14:32:43,323 [Worker-25: Launching blockchain - BlockchainApplication] INFO  o.a.m.s.f.DefaultMavenResourcesFiltering - Copying 1 resource from src\main\resources to target\classes
2024-08-10 14:32:43,335 [Worker-25: Launching blockchain - BlockchainApplication] INFO  o.a.m.s.f.DefaultMavenResourcesFiltering - Copying 2 resources from src\main\resources to target\classes
2024-08-10 14:32:43,341 [Worker-25: Launching blockchain - BlockchainApplication] INFO  o.a.m.s.f.DefaultMavenResourcesFiltering - skip non existing resourceDirectory D:\Code\Concordia\INSE6540\inse6540_project\inse6540_iot_blockchain_service\blockchain-Java\blockchain\src\test\resources
2024-08-10 14:52:15,340 [Worker-36: Building] INFO  o.a.m.s.f.DefaultMavenResourcesFiltering - Copying 1 resource from src\main\resources to target\classes
2024-08-10 14:52:15,348 [Worker-36: Building] INFO  o.a.m.s.f.DefaultMavenResourcesFiltering - Copying 2 resources from src\main\resources to target\classes
2024-08-10 14:52:15,351 [Worker-36: Building] INFO  o.a.m.s.f.DefaultMavenResourcesFiltering - skip non existing resourceDirectory D:\Code\Concordia\INSE6540\inse6540_project\inse6540_iot_blockchain_service\blockchain-Java\blockchain\src\test\resources
2024-08-10 14:52:36,239 [Worker-35: Building] INFO  o.a.m.s.f.DefaultMavenResourcesFiltering - Copying 1 resource from src\main\resources to target\classes
2024-08-10 14:52:36,242 [Worker-35: Building] INFO  o.a.m.s.f.DefaultMavenResourcesFiltering - Copying 2 resources from src\main\resources to target\classes
2024-08-10 14:52:36,244 [Worker-35: Building] INFO  o.a.m.s.f.DefaultMavenResourcesFiltering - skip non existing resourceDirectory D:\Code\Concordia\INSE6540\inse6540_project\inse6540_iot_blockchain_service\blockchain-Java\blockchain\src\test\resources
